<?xml version="1.0" encoding="utf-8" standalone="no"?>
<!--This file represents the results of running a test suite-->
<test-results name="C:\Users\Alex\Documents\Visual Studio 2010\Projects\Ebay1\Tests\bin\Debug\Tests.dll" total="1" errors="0" failures="0" not-run="0" inconclusive="0" ignored="0" skipped="0" invalid="0" date="2012-09-27" time="23:37:21">
  <environment nunit-version="2.6.1.12217" clr-version="2.0.50727.4927" os-version="Microsoft Windows NT 6.1.7600.0" platform="Win32NT" cwd="C:\Users\Alex\Documents\Visual Studio 2010\Projects\Ebay1\Tests\bin\Debug" machine-name="ALEX_PC" user="Alex" user-domain="Alex_PC" />
  <culture-info current-culture="ru-RU" current-uiculture="en-US" />
  <test-suite type="Assembly" name="C:\Users\Alex\Documents\Visual Studio 2010\Projects\Ebay1\Tests\bin\Debug\Tests.dll" executed="True" result="Success" success="True" time="0.028" asserts="0">
    <results>
      <test-suite type="Namespace" name="Tests" executed="True" result="Success" success="True" time="0.020" asserts="0">
        <results>
          <test-suite type="TestFixture" name="EbayHelperServiceTest" executed="True" result="Success" success="True" time="0.020" asserts="0">
            <results>
              <test-case name="Tests.EbayHelperServiceTest.TestMethod1" executed="True" result="Success" success="True" time="0.010" asserts="0" />
            </results>
          </test-suite>
        </results>
      </test-suite>
    </results>
  </test-suite>
</test-results>